<?xml version="1.0" encoding="UTF-8"?>
<!-- Generated by org.testng.reporters.JUnitXMLReporter -->
<testsuite ignored="0" hostname="LAPTOP-R9SPVK9V" failures="2" tests="10" name="eCommerceApp Test" time="130.763" errors="0" timestamp="2020-11-19T03:44:52 EST">
  <testcase classname="com.DemoProjecteCommerce2TestCases.TC0_WomenLinkTestCase_001" name="womenLinkHomePageTest" time="0.926">
    <failure type="junit.framework.ComparisonFailure" message="expected:&amp;lt;... fashion collections[]&amp;gt; but was:&amp;lt;... fashion collections[.]&amp;gt;">
      <![CDATA[junit.framework.ComparisonFailure: expected:<... fashion collections[]> but was:<... fashion collections[.]>
at junit.framework.Assert.assertEquals(Assert.java:100)
at junit.framework.Assert.assertEquals(Assert.java:107)
at com.DemoProjecteCommerce2TestCases.TC0_WomenLinkTestCase_001.womenLinkHomePageTest(TC0_WomenLinkTestCase_001.java:29)
at java.base/java.util.ArrayList.forEach(ArrayList.java:1511)
... Removed 31 stack frames]]>
    </failure>
  </testcase> <!-- womenLinkHomePageTest -->
  <testcase classname="com.DemoProjecteCommerce2TestCases.TC01_DressesLinkTestCase_001" name="dressesLinkHomePageValidation" time="0.927"/>
  <testcase classname="com.DemoProjecteCommerce2TestCases.TC02_TsShirtLinkHomePageTestCase_001" name="tsShirtLinkHomePageTest" time="0.783"/>
  <testcase classname="com.DemoProjecteCommerce2TestCases.TC03_WebLogoHomePageTestCase_001" name="logoWebHomePageTest" time="0.056"/>
  <testcase classname="com.DemoProjecteCommerce2TestCases.TC04_CartImageHomePageTestCase_001" name="cartImageTestValidation" time="0.696"/>
  <testcase classname="com.DemoProjecteCommerce2TestCases.TC1_eCommerceLoginTestCase_001" name="addToCard" time="22.271"/>
  <testcase classname="com.DemoProjecteCommerce2TestCases.TC1_eCommerceLoginTestCase_001" name="loginTest" time="13.292"/>
  <testcase classname="com.DemoProjecteCommerce2TestCases.TC3_AddToCartItemTestCase_003" name="addToCartTest" time="24.409"/>
  <testcase classname="com.DemoProjecteCommerce2TestCases.TC4_ForgotPasswordTestCase_004" name="verifyBackToLoginTest" time="0.0">
    <failure type="java.lang.NullPointerException" message="Cannot invoke &amp;quot;com.DemoProjecteCommerce1Pages.Page3_forgotPassword.backToLoginButton()&amp;quot; because &amp;quot;com.DemoProjecteCommerce2TestCases.TC4_ForgotPasswordTestCase_004.sv&amp;quot; is null">
      <![CDATA[java.lang.NullPointerException: Cannot invoke "com.DemoProjecteCommerce1Pages.Page3_forgotPassword.backToLoginButton()" because "com.DemoProjecteCommerce2TestCases.TC4_ForgotPasswordTestCase_004.sv" is null
at com.DemoProjecteCommerce2TestCases.TC4_ForgotPasswordTestCase_004.verifyBackToLoginTest(TC4_ForgotPasswordTestCase_004.java:43)
at java.base/java.util.ArrayList.forEach(ArrayList.java:1511)
... Removed 31 stack frames]]>
    </failure>
  </testcase> <!-- verifyBackToLoginTest -->
  <testcase classname="com.DemoProjecteCommerce2TestCases.TC4_ForgotPasswordTestCase_004" name="verifyForgotPassportLinkTest" time="4.036"/>
</testsuite> <!-- eCommerceApp Test -->
