<?xml version="1.0" encoding="UTF-8"?>
<!-- Generated by org.testng.reporters.JUnitXMLReporter -->
<testsuite ignored="0" hostname="LAPTOP-R9SPVK9V" failures="3" tests="10" name="eCommerceApp Test" time="152.419" errors="0" timestamp="2020-11-22T13:03:42 EST">
  <testcase classname="com.DemoProjecteCommerce2TestCases.TC0_WomenLinkTestCase_001" name="womenLinkHomePageTest" time="1.251">
    <failure type="junit.framework.ComparisonFailure" message="expected:&amp;lt;... fashion collections[]&amp;gt; but was:&amp;lt;... fashion collections[.]&amp;gt;">
      <![CDATA[junit.framework.ComparisonFailure: expected:<... fashion collections[]> but was:<... fashion collections[.]>
at junit.framework.Assert.assertEquals(Assert.java:100)
at junit.framework.Assert.assertEquals(Assert.java:107)
at com.DemoProjecteCommerce2TestCases.TC0_WomenLinkTestCase_001.womenLinkHomePageTest(TC0_WomenLinkTestCase_001.java:29)
at java.base/java.util.ArrayList.forEach(ArrayList.java:1511)
... Removed 27 stack frames]]>
    </failure>
  </testcase> <!-- womenLinkHomePageTest -->
  <testcase classname="com.DemoProjecteCommerce2TestCases.TC01_DressesLinkTestCase_001" name="dressesLinkHomePageValidation" time="0.876"/>
  <testcase classname="com.DemoProjecteCommerce2TestCases.TC02_TsShirtLinkHomePageTestCase_001" name="tsShirtLinkHomePageTest" time="0.897"/>
  <testcase classname="com.DemoProjecteCommerce2TestCases.TC03_WebLogoHomePageTestCase_001" name="logoWebHomePageTest" time="0.053"/>
  <testcase classname="com.DemoProjecteCommerce2TestCases.TC04_CartImageHomePageTestCase_001" name="cartImageTestValidation" time="0.968"/>
  <testcase classname="com.DemoProjecteCommerce2TestCases.TC1_eCommerceLoginTestCase_001" name="addToCard" time="21.822"/>
  <testcase classname="com.DemoProjecteCommerce2TestCases.TC1_eCommerceLoginTestCase_001" name="loginTest" time="24.414">
    <failure type="org.openqa.selenium.WebDriverException" message="chrome not reachable
  (Session info: chrome=86.0.4240.193)
Build info: version: &amp;apos;3.141.59&amp;apos;, revision: &amp;apos;e82be7d358&amp;apos;, time: &amp;apos;2018-11-14T08:17:03&amp;apos;
System info: host: &amp;apos;LAPTOP-R9SPVK9V&amp;apos;, ip: &amp;apos;192.168.1.57&amp;apos;, os.name: &amp;apos;Windows 10&amp;apos;, os.arch: &amp;apos;amd64&amp;apos;, os.version: &amp;apos;10.0&amp;apos;, java.version: &amp;apos;15.0.1&amp;apos;
Driver info: org.openqa.selenium.chrome.ChromeDriver
Capabilities {acceptInsecureCerts: false, browserName: chrome, browserVersion: 86.0.4240.193, chrome: {chromedriverVersion: 85.0.4183.87 (cd6713ebf92fa..., userDataDir: C:\Users\rkamo\AppData\Loca...}, goog:chromeOptions: {debuggerAddress: localhost:11392}, javascriptEnabled: true, networkConnectionEnabled: false, pageLoadStrategy: normal, platform: WINDOWS, platformName: WINDOWS, proxy: Proxy(), setWindowRect: true, strictFileInteractability: false, timeouts: {implicit: 0, pageLoad: 300000, script: 30000}, unhandledPromptBehavior: dismiss and notify, webauthn:virtualAuthenticators: true}
Session ID: 5cae3d8f74476c94137740953edf1f17
*** Element info: {Using=xpath, value=//*[@id=&amp;quot;header&amp;quot;]/div[2]/div/div/nav/div[1]/a}">
      <![CDATA[org.openqa.selenium.WebDriverException: chrome not reachable
  (Session info: chrome=86.0.4240.193)
Build info: version: '3.141.59', revision: 'e82be7d358', time: '2018-11-14T08:17:03'
System info: host: 'LAPTOP-R9SPVK9V', ip: '192.168.1.57', os.name: 'Windows 10', os.arch: 'amd64', os.version: '10.0', java.version: '15.0.1'
Driver info: org.openqa.selenium.chrome.ChromeDriver
Capabilities {acceptInsecureCerts: false, browserName: chrome, browserVersion: 86.0.4240.193, chrome: {chromedriverVersion: 85.0.4183.87 (cd6713ebf92fa..., userDataDir: C:\Users\rkamo\AppData\Loca...}, goog:chromeOptions: {debuggerAddress: localhost:11392}, javascriptEnabled: true, networkConnectionEnabled: false, pageLoadStrategy: normal, platform: WINDOWS, platformName: WINDOWS, proxy: Proxy(), setWindowRect: true, strictFileInteractability: false, timeouts: {implicit: 0, pageLoad: 300000, script: 30000}, unhandledPromptBehavior: dismiss and notify, webauthn:virtualAuthenticators: true}
Session ID: 5cae3d8f74476c94137740953edf1f17
*** Element info: {Using=xpath, value=//*[@id="header"]/div[2]/div/div/nav/div[1]/a}
at org.openqa.selenium.remote.http.W3CHttpResponseCodec.createException(W3CHttpResponseCodec.java:187)
at org.openqa.selenium.remote.http.W3CHttpResponseCodec.decode(W3CHttpResponseCodec.java:122)
at org.openqa.selenium.remote.http.W3CHttpResponseCodec.decode(W3CHttpResponseCodec.java:49)
at org.openqa.selenium.remote.HttpCommandExecutor.execute(HttpCommandExecutor.java:158)
at org.openqa.selenium.remote.service.DriverCommandExecutor.execute(DriverCommandExecutor.java:83)
at org.openqa.selenium.remote.RemoteWebDriver.execute(RemoteWebDriver.java:552)
at org.openqa.selenium.remote.RemoteWebDriver.findElement(RemoteWebDriver.java:323)
at org.openqa.selenium.remote.RemoteWebDriver.findElementByXPath(RemoteWebDriver.java:428)
at org.openqa.selenium.By$ByXPath.findElement(By.java:353)
at org.openqa.selenium.remote.RemoteWebDriver.findElement(RemoteWebDriver.java:315)
at org.openqa.selenium.support.pagefactory.DefaultElementLocator.findElement(DefaultElementLocator.java:69)
at org.openqa.selenium.support.pagefactory.internal.LocatingElementHandler.invoke(LocatingElementHandler.java:38)
at com.sun.proxy.$Proxy14.getText(Unknown Source)
at com.DemoProjecteCommerce2TestCases.TC1_eCommerceLoginTestCase_001.loginTest(TC1_eCommerceLoginTestCase_001.java:43)
at java.base/java.util.ArrayList.forEach(ArrayList.java:1511)
... Removed 32 stack frames]]>
    </failure>
  </testcase> <!-- loginTest -->
  <testcase classname="com.DemoProjecteCommerce2TestCases.TC3_AddToCartItemTestCase_003" name="addToCartTest" time="27.367"/>
  <testcase classname="com.DemoProjecteCommerce2TestCases.TC4_ForgotPasswordTestCase_004" name="verifyBackToLoginTest" time="0.001">
    <failure type="java.lang.NullPointerException" message="Cannot invoke &amp;quot;com.DemoProjecteCommerce1Pages.Page3_forgotPassword.backToLoginButton()&amp;quot; because &amp;quot;com.DemoProjecteCommerce2TestCases.TC4_ForgotPasswordTestCase_004.sv&amp;quot; is null">
      <![CDATA[java.lang.NullPointerException: Cannot invoke "com.DemoProjecteCommerce1Pages.Page3_forgotPassword.backToLoginButton()" because "com.DemoProjecteCommerce2TestCases.TC4_ForgotPasswordTestCase_004.sv" is null
at com.DemoProjecteCommerce2TestCases.TC4_ForgotPasswordTestCase_004.verifyBackToLoginTest(TC4_ForgotPasswordTestCase_004.java:43)
at java.base/java.util.ArrayList.forEach(ArrayList.java:1511)
... Removed 27 stack frames]]>
    </failure>
  </testcase> <!-- verifyBackToLoginTest -->
  <testcase classname="com.DemoProjecteCommerce2TestCases.TC4_ForgotPasswordTestCase_004" name="verifyForgotPassportLinkTest" time="1.576"/>
</testsuite> <!-- eCommerceApp Test -->
