<html>
<head>
<title>TestNG:  eCommerceApp Test</title>
<link href="../testng.css" rel="stylesheet" type="text/css" />
<link href="../my-testng.css" rel="stylesheet" type="text/css" />

<style type="text/css">
.log { display: none;} 
.stack-trace { display: none;} 
</style>
<script type="text/javascript">
<!--
function flip(e) {
  current = e.style.display;
  if (current == 'block') {
    e.style.display = 'none';
    return 0;
  }
  else {
    e.style.display = 'block';
    return 1;
  }
}

function toggleBox(szDivId, elem, msg1, msg2)
{
  var res = -1;  if (document.getElementById) {
    res = flip(document.getElementById(szDivId));
  }
  else if (document.all) {
    // this is the way old msie versions work
    res = flip(document.all[szDivId]);
  }
  if(elem) {
    if(res == 0) elem.innerHTML = msg1; else elem.innerHTML = msg2;
  }

}

function toggleAllBoxes() {
  if (document.getElementsByTagName) {
    d = document.getElementsByTagName('div');
    for (i = 0; i < d.length; i++) {
      if (d[i].className == 'log') {
        flip(d[i]);
      }
    }
  }
}

// -->
</script>

</head>
<body>
<h2 align='center'>eCommerceApp Test</h2><table border='1' align="center">
<tr>
<td>Tests passed/Failed/Skipped:</td><td>7/3/0</td>
</tr><tr>
<td>Started on:</td><td>Sun Nov 22 13:01:10 EST 2020</td>
</tr>
<tr><td>Total time:</td><td>152 seconds (152419 ms)</td>
</tr><tr>
<td>Included groups:</td><td></td>
</tr><tr>
<td>Excluded groups:</td><td></td>
</tr>
</table><p/>
<small><i>(Hover the method name to see the test class name)</i></small><p/>
<table width='100%' border='1' class='invocation-failed'>
<tr><td colspan='4' align='center'><b>FAILED TESTS</b></td></tr>
<tr><td><b>Test method</b></td>
<td width="30%"><b>Exception</b></td>
<td width="10%"><b>Time (seconds)</b></td>
<td><b>Instance</b></td>
</tr>
<tr>
<td title='com.DemoProjecteCommerce2TestCases.TC1_eCommerceLoginTestCase_001.loginTest()'><b>loginTest</b><br>Test class: com.DemoProjecteCommerce2TestCases.TC1_eCommerceLoginTestCase_001</td>
<td><div><pre>org.openqa.selenium.WebDriverException: chrome not reachable
  (Session info: chrome=86.0.4240.193)
Build info: version: &apos;3.141.59&apos;, revision: &apos;e82be7d358&apos;, time: &apos;2018-11-14T08:17:03&apos;
System info: host: &apos;LAPTOP-R9SPVK9V&apos;, ip: &apos;192.168.1.57&apos;, os.name: &apos;Windows 10&apos;, os.arch: &apos;amd64&apos;, os.version: &apos;10.0&apos;, java.version: &apos;15.0.1&apos;
Driver info: org.openqa.selenium.chrome.ChromeDriver
Capabilities {acceptInsecureCerts: false, browserName: chrome, browserVersion: 86.0.4240.193, chrome: {chromedriverVersion: 85.0.4183.87 (cd6713ebf92fa..., userDataDir: C:\Users\rkamo\AppData\Loca...}, goog:chromeOptions: {debuggerAddress: localhost:11392}, javascriptEnabled: true, networkConnectionEnabled: false, pageLoadStrategy: normal, platform: WINDOWS, platformName: WINDOWS, proxy: Proxy(), setWindowRect: true, strictFileInteractability: false, timeouts: {implicit: 0, pageLoad: 300000, script: 30000}, unhandledPromptBehavior: dismiss and notify, webauthn:virtualAuthenticators: true}
Session ID: 5cae3d8f74476c94137740953edf1f17
*** Element info: {Using=xpath, value=//*[@id=&quot;header&quot;]/div[2]/div/div/nav/div[1]/a}
	at org.openqa.selenium.remote.http.W3CHttpResponseCodec.createException(W3CHttpResponseCodec.java:187)
	at org.openqa.selenium.remote.http.W3CHttpResponseCodec.decode(W3CHttpResponseCodec.java:122)
	at org.openqa.selenium.remote.http.W3CHttpResponseCodec.decode(W3CHttpResponseCodec.java:49)
	at org.openqa.selenium.remote.HttpCommandExecutor.execute(HttpCommandExecutor.java:158)
	at org.openqa.selenium.remote.service.DriverCommandExecutor.execute(DriverCommandExecutor.java:83)
	at org.openqa.selenium.remote.RemoteWebDriver.execute(RemoteWebDriver.java:552)
	at org.openqa.selenium.remote.RemoteWebDriver.findElement(RemoteWebDriver.java:323)
	at org.openqa.selenium.remote.RemoteWebDriver.findElementByXPath(RemoteWebDriver.java:428)
	at org.openqa.selenium.By$ByXPath.findElement(By.java:353)
	at org.openqa.selenium.remote.RemoteWebDriver.findElement(RemoteWebDriver.java:315)
	at org.openqa.selenium.support.pagefactory.DefaultElementLocator.findElement(DefaultElementLocator.java:69)
	at org.openqa.selenium.support.pagefactory.internal.LocatingElementHandler.invoke(LocatingElementHandler.java:38)
	at com.sun.proxy.$Proxy14.getText(Unknown Source)
	at com.DemoProjecteCommerce2TestCases.TC1_eCommerceLoginTestCase_001.loginTest(TC1_eCommerceLoginTestCase_001.java:43)
	at java.base/java.util.ArrayList.forEach(ArrayList.java:1511)
... Removed 32 stack frames</pre></div><a href='#' onClick='toggleBox("stack-trace439720255", this, "Click to show all stack frames", "Click to hide stack frames")'>Click to show all stack frames</a>
<div class='stack-trace' id='stack-trace439720255'><pre>org.openqa.selenium.WebDriverException: chrome not reachable
  (Session info: chrome=86.0.4240.193)
Build info: version: &apos;3.141.59&apos;, revision: &apos;e82be7d358&apos;, time: &apos;2018-11-14T08:17:03&apos;
System info: host: &apos;LAPTOP-R9SPVK9V&apos;, ip: &apos;192.168.1.57&apos;, os.name: &apos;Windows 10&apos;, os.arch: &apos;amd64&apos;, os.version: &apos;10.0&apos;, java.version: &apos;15.0.1&apos;
Driver info: org.openqa.selenium.chrome.ChromeDriver
Capabilities {acceptInsecureCerts: false, browserName: chrome, browserVersion: 86.0.4240.193, chrome: {chromedriverVersion: 85.0.4183.87 (cd6713ebf92fa..., userDataDir: C:\Users\rkamo\AppData\Loca...}, goog:chromeOptions: {debuggerAddress: localhost:11392}, javascriptEnabled: true, networkConnectionEnabled: false, pageLoadStrategy: normal, platform: WINDOWS, platformName: WINDOWS, proxy: Proxy(), setWindowRect: true, strictFileInteractability: false, timeouts: {implicit: 0, pageLoad: 300000, script: 30000}, unhandledPromptBehavior: dismiss and notify, webauthn:virtualAuthenticators: true}
Session ID: 5cae3d8f74476c94137740953edf1f17
*** Element info: {Using=xpath, value=//*[@id=&quot;header&quot;]/div[2]/div/div/nav/div[1]/a}
	at java.base/jdk.internal.reflect.NativeConstructorAccessorImpl.newInstance0(Native Method)
	at java.base/jdk.internal.reflect.NativeConstructorAccessorImpl.newInstance(NativeConstructorAccessorImpl.java:64)
	at java.base/jdk.internal.reflect.DelegatingConstructorAccessorImpl.newInstance(DelegatingConstructorAccessorImpl.java:45)
	at java.base/java.lang.reflect.Constructor.newInstanceWithCaller(Constructor.java:500)
	at java.base/java.lang.reflect.Constructor.newInstance(Constructor.java:481)
	at org.openqa.selenium.remote.http.W3CHttpResponseCodec.createException(W3CHttpResponseCodec.java:187)
	at org.openqa.selenium.remote.http.W3CHttpResponseCodec.decode(W3CHttpResponseCodec.java:122)
	at org.openqa.selenium.remote.http.W3CHttpResponseCodec.decode(W3CHttpResponseCodec.java:49)
	at org.openqa.selenium.remote.HttpCommandExecutor.execute(HttpCommandExecutor.java:158)
	at org.openqa.selenium.remote.service.DriverCommandExecutor.execute(DriverCommandExecutor.java:83)
	at org.openqa.selenium.remote.RemoteWebDriver.execute(RemoteWebDriver.java:552)
	at org.openqa.selenium.remote.RemoteWebDriver.findElement(RemoteWebDriver.java:323)
	at org.openqa.selenium.remote.RemoteWebDriver.findElementByXPath(RemoteWebDriver.java:428)
	at org.openqa.selenium.By$ByXPath.findElement(By.java:353)
	at org.openqa.selenium.remote.RemoteWebDriver.findElement(RemoteWebDriver.java:315)
	at org.openqa.selenium.support.pagefactory.DefaultElementLocator.findElement(DefaultElementLocator.java:69)
	at org.openqa.selenium.support.pagefactory.internal.LocatingElementHandler.invoke(LocatingElementHandler.java:38)
	at com.sun.proxy.$Proxy14.getText(Unknown Source)
	at com.DemoProjecteCommerce2TestCases.TC1_eCommerceLoginTestCase_001.loginTest(TC1_eCommerceLoginTestCase_001.java:43)
	at java.base/jdk.internal.reflect.NativeMethodAccessorImpl.invoke0(Native Method)
	at java.base/jdk.internal.reflect.NativeMethodAccessorImpl.invoke(NativeMethodAccessorImpl.java:64)
	at java.base/jdk.internal.reflect.DelegatingMethodAccessorImpl.invoke(DelegatingMethodAccessorImpl.java:43)
	at java.base/java.lang.reflect.Method.invoke(Method.java:564)
	at org.testng.internal.MethodInvocationHelper.invokeMethod(MethodInvocationHelper.java:134)
	at org.testng.internal.TestInvoker.invokeMethod(TestInvoker.java:597)
	at org.testng.internal.TestInvoker.invokeTestMethod(TestInvoker.java:173)
	at org.testng.internal.MethodRunner.runInSequence(MethodRunner.java:46)
	at org.testng.internal.TestInvoker$MethodInvocationAgent.invoke(TestInvoker.java:816)
	at org.testng.internal.TestInvoker.invokeTestMethods(TestInvoker.java:146)
	at org.testng.internal.TestMethodWorker.invokeTestMethods(TestMethodWorker.java:146)
	at org.testng.internal.TestMethodWorker.run(TestMethodWorker.java:128)
	at java.base/java.util.ArrayList.forEach(ArrayList.java:1511)
	at org.testng.TestRunner.privateRun(TestRunner.java:766)
	at org.testng.TestRunner.run(TestRunner.java:587)
	at org.testng.SuiteRunner.runTest(SuiteRunner.java:384)
	at org.testng.SuiteRunner.runSequentially(SuiteRunner.java:378)
	at org.testng.SuiteRunner.privateRun(SuiteRunner.java:337)
	at org.testng.SuiteRunner.run(SuiteRunner.java:286)
	at org.testng.SuiteRunnerWorker.runSuite(SuiteRunnerWorker.java:53)
	at org.testng.SuiteRunnerWorker.run(SuiteRunnerWorker.java:96)
	at org.testng.TestNG.runSuitesSequentially(TestNG.java:1187)
	at org.testng.TestNG.runSuitesLocally(TestNG.java:1109)
	at org.testng.TestNG.runSuites(TestNG.java:1039)
	at org.testng.TestNG.run(TestNG.java:1007)
	at org.testng.remote.AbstractRemoteTestNG.run(AbstractRemoteTestNG.java:115)
	at org.testng.remote.RemoteTestNG.initAndRun(RemoteTestNG.java:251)
	at org.testng.remote.RemoteTestNG.main(RemoteTestNG.java:77)
</pre></div></td>
<td>24</td>
<td>com.DemoProjecteCommerce2TestCases.TC1_eCommerceLoginTestCase_001@5f683daf</td></tr>
<tr>
<td title='com.DemoProjecteCommerce2TestCases.TC4_ForgotPasswordTestCase_004.verifyBackToLoginTest()'><b>verifyBackToLoginTest</b><br>Test class: com.DemoProjecteCommerce2TestCases.TC4_ForgotPasswordTestCase_004</td>
<td><div><pre>java.lang.NullPointerException: Cannot invoke &quot;com.DemoProjecteCommerce1Pages.Page3_forgotPassword.backToLoginButton()&quot; because &quot;com.DemoProjecteCommerce2TestCases.TC4_ForgotPasswordTestCase_004.sv&quot; is null
	at com.DemoProjecteCommerce2TestCases.TC4_ForgotPasswordTestCase_004.verifyBackToLoginTest(TC4_ForgotPasswordTestCase_004.java:43)
	at java.base/java.util.ArrayList.forEach(ArrayList.java:1511)
... Removed 27 stack frames</pre></div><a href='#' onClick='toggleBox("stack-trace481792876", this, "Click to show all stack frames", "Click to hide stack frames")'>Click to show all stack frames</a>
<div class='stack-trace' id='stack-trace481792876'><pre>java.lang.NullPointerException: Cannot invoke &quot;com.DemoProjecteCommerce1Pages.Page3_forgotPassword.backToLoginButton()&quot; because &quot;com.DemoProjecteCommerce2TestCases.TC4_ForgotPasswordTestCase_004.sv&quot; is null
	at com.DemoProjecteCommerce2TestCases.TC4_ForgotPasswordTestCase_004.verifyBackToLoginTest(TC4_ForgotPasswordTestCase_004.java:43)
	at java.base/jdk.internal.reflect.NativeMethodAccessorImpl.invoke0(Native Method)
	at java.base/jdk.internal.reflect.NativeMethodAccessorImpl.invoke(NativeMethodAccessorImpl.java:64)
	at java.base/jdk.internal.reflect.DelegatingMethodAccessorImpl.invoke(DelegatingMethodAccessorImpl.java:43)
	at java.base/java.lang.reflect.Method.invoke(Method.java:564)
	at org.testng.internal.MethodInvocationHelper.invokeMethod(MethodInvocationHelper.java:134)
	at org.testng.internal.TestInvoker.invokeMethod(TestInvoker.java:597)
	at org.testng.internal.TestInvoker.invokeTestMethod(TestInvoker.java:173)
	at org.testng.internal.MethodRunner.runInSequence(MethodRunner.java:46)
	at org.testng.internal.TestInvoker$MethodInvocationAgent.invoke(TestInvoker.java:816)
	at org.testng.internal.TestInvoker.invokeTestMethods(TestInvoker.java:146)
	at org.testng.internal.TestMethodWorker.invokeTestMethods(TestMethodWorker.java:146)
	at org.testng.internal.TestMethodWorker.run(TestMethodWorker.java:128)
	at java.base/java.util.ArrayList.forEach(ArrayList.java:1511)
	at org.testng.TestRunner.privateRun(TestRunner.java:766)
	at org.testng.TestRunner.run(TestRunner.java:587)
	at org.testng.SuiteRunner.runTest(SuiteRunner.java:384)
	at org.testng.SuiteRunner.runSequentially(SuiteRunner.java:378)
	at org.testng.SuiteRunner.privateRun(SuiteRunner.java:337)
	at org.testng.SuiteRunner.run(SuiteRunner.java:286)
	at org.testng.SuiteRunnerWorker.runSuite(SuiteRunnerWorker.java:53)
	at org.testng.SuiteRunnerWorker.run(SuiteRunnerWorker.java:96)
	at org.testng.TestNG.runSuitesSequentially(TestNG.java:1187)
	at org.testng.TestNG.runSuitesLocally(TestNG.java:1109)
	at org.testng.TestNG.runSuites(TestNG.java:1039)
	at org.testng.TestNG.run(TestNG.java:1007)
	at org.testng.remote.AbstractRemoteTestNG.run(AbstractRemoteTestNG.java:115)
	at org.testng.remote.RemoteTestNG.initAndRun(RemoteTestNG.java:251)
	at org.testng.remote.RemoteTestNG.main(RemoteTestNG.java:77)
</pre></div></td>
<td>0</td>
<td>com.DemoProjecteCommerce2TestCases.TC4_ForgotPasswordTestCase_004@8317c52</td></tr>
<tr>
<td title='com.DemoProjecteCommerce2TestCases.TC0_WomenLinkTestCase_001.womenLinkHomePageTest()'><b>womenLinkHomePageTest</b><br>Test class: com.DemoProjecteCommerce2TestCases.TC0_WomenLinkTestCase_001</td>
<td><div><pre>junit.framework.ComparisonFailure: expected:&lt;... fashion collections[]&gt; but was:&lt;... fashion collections[.]&gt;
	at junit.framework.Assert.assertEquals(Assert.java:100)
	at junit.framework.Assert.assertEquals(Assert.java:107)
	at com.DemoProjecteCommerce2TestCases.TC0_WomenLinkTestCase_001.womenLinkHomePageTest(TC0_WomenLinkTestCase_001.java:29)
	at java.base/java.util.ArrayList.forEach(ArrayList.java:1511)
... Removed 27 stack frames</pre></div><a href='#' onClick='toggleBox("stack-trace827328832", this, "Click to show all stack frames", "Click to hide stack frames")'>Click to show all stack frames</a>
<div class='stack-trace' id='stack-trace827328832'><pre>junit.framework.ComparisonFailure: expected:&lt;... fashion collections[]&gt; but was:&lt;... fashion collections[.]&gt;
	at junit.framework.Assert.assertEquals(Assert.java:100)
	at junit.framework.Assert.assertEquals(Assert.java:107)
	at com.DemoProjecteCommerce2TestCases.TC0_WomenLinkTestCase_001.womenLinkHomePageTest(TC0_WomenLinkTestCase_001.java:29)
	at java.base/jdk.internal.reflect.NativeMethodAccessorImpl.invoke0(Native Method)
	at java.base/jdk.internal.reflect.NativeMethodAccessorImpl.invoke(NativeMethodAccessorImpl.java:64)
	at java.base/jdk.internal.reflect.DelegatingMethodAccessorImpl.invoke(DelegatingMethodAccessorImpl.java:43)
	at java.base/java.lang.reflect.Method.invoke(Method.java:564)
	at org.testng.internal.MethodInvocationHelper.invokeMethod(MethodInvocationHelper.java:134)
	at org.testng.internal.TestInvoker.invokeMethod(TestInvoker.java:597)
	at org.testng.internal.TestInvoker.invokeTestMethod(TestInvoker.java:173)
	at org.testng.internal.MethodRunner.runInSequence(MethodRunner.java:46)
	at org.testng.internal.TestInvoker$MethodInvocationAgent.invoke(TestInvoker.java:816)
	at org.testng.internal.TestInvoker.invokeTestMethods(TestInvoker.java:146)
	at org.testng.internal.TestMethodWorker.invokeTestMethods(TestMethodWorker.java:146)
	at org.testng.internal.TestMethodWorker.run(TestMethodWorker.java:128)
	at java.base/java.util.ArrayList.forEach(ArrayList.java:1511)
	at org.testng.TestRunner.privateRun(TestRunner.java:766)
	at org.testng.TestRunner.run(TestRunner.java:587)
	at org.testng.SuiteRunner.runTest(SuiteRunner.java:384)
	at org.testng.SuiteRunner.runSequentially(SuiteRunner.java:378)
	at org.testng.SuiteRunner.privateRun(SuiteRunner.java:337)
	at org.testng.SuiteRunner.run(SuiteRunner.java:286)
	at org.testng.SuiteRunnerWorker.runSuite(SuiteRunnerWorker.java:53)
	at org.testng.SuiteRunnerWorker.run(SuiteRunnerWorker.java:96)
	at org.testng.TestNG.runSuitesSequentially(TestNG.java:1187)
	at org.testng.TestNG.runSuitesLocally(TestNG.java:1109)
	at org.testng.TestNG.runSuites(TestNG.java:1039)
	at org.testng.TestNG.run(TestNG.java:1007)
	at org.testng.remote.AbstractRemoteTestNG.run(AbstractRemoteTestNG.java:115)
	at org.testng.remote.RemoteTestNG.initAndRun(RemoteTestNG.java:251)
	at org.testng.remote.RemoteTestNG.main(RemoteTestNG.java:77)
</pre></div></td>
<td>1</td>
<td>com.DemoProjecteCommerce2TestCases.TC0_WomenLinkTestCase_001@53aad5d5</td></tr>
</table><p>
<table width='100%' border='1' class='invocation-passed'>
<tr><td colspan='4' align='center'><b>PASSED TESTS</b></td></tr>
<tr><td><b>Test method</b></td>
<td width="30%"><b>Exception</b></td>
<td width="10%"><b>Time (seconds)</b></td>
<td><b>Instance</b></td>
</tr>
<tr>
<td title='com.DemoProjecteCommerce2TestCases.TC1_eCommerceLoginTestCase_001.addToCard()'><b>addToCard</b><br>Test class: com.DemoProjecteCommerce2TestCases.TC1_eCommerceLoginTestCase_001</td>
<td></td>
<td>21</td>
<td>com.DemoProjecteCommerce2TestCases.TC1_eCommerceLoginTestCase_001@5f683daf</td></tr>
<tr>
<td title='com.DemoProjecteCommerce2TestCases.TC3_AddToCartItemTestCase_003.addToCartTest()'><b>addToCartTest</b><br>Test class: com.DemoProjecteCommerce2TestCases.TC3_AddToCartItemTestCase_003</td>
<td></td>
<td>27</td>
<td>com.DemoProjecteCommerce2TestCases.TC3_AddToCartItemTestCase_003@78ffe6dc</td></tr>
<tr>
<td title='com.DemoProjecteCommerce2TestCases.TC04_CartImageHomePageTestCase_001.cartImageTestValidation()'><b>cartImageTestValidation</b><br>Test class: com.DemoProjecteCommerce2TestCases.TC04_CartImageHomePageTestCase_001</td>
<td></td>
<td>0</td>
<td>com.DemoProjecteCommerce2TestCases.TC04_CartImageHomePageTestCase_001@4a668b6e</td></tr>
<tr>
<td title='com.DemoProjecteCommerce2TestCases.TC01_DressesLinkTestCase_001.dressesLinkHomePageValidation()'><b>dressesLinkHomePageValidation</b><br>Test class: com.DemoProjecteCommerce2TestCases.TC01_DressesLinkTestCase_001</td>
<td></td>
<td>0</td>
<td>com.DemoProjecteCommerce2TestCases.TC01_DressesLinkTestCase_001@46fa7c39</td></tr>
<tr>
<td title='com.DemoProjecteCommerce2TestCases.TC03_WebLogoHomePageTestCase_001.logoWebHomePageTest()'><b>logoWebHomePageTest</b><br>Test class: com.DemoProjecteCommerce2TestCases.TC03_WebLogoHomePageTestCase_001</td>
<td></td>
<td>0</td>
<td>com.DemoProjecteCommerce2TestCases.TC03_WebLogoHomePageTestCase_001@4f67eb2a</td></tr>
<tr>
<td title='com.DemoProjecteCommerce2TestCases.TC02_TsShirtLinkHomePageTestCase_001.tsShirtLinkHomePageTest()'><b>tsShirtLinkHomePageTest</b><br>Test class: com.DemoProjecteCommerce2TestCases.TC02_TsShirtLinkHomePageTestCase_001</td>
<td></td>
<td>0</td>
<td>com.DemoProjecteCommerce2TestCases.TC02_TsShirtLinkHomePageTestCase_001@1fb700ee</td></tr>
<tr>
<td title='com.DemoProjecteCommerce2TestCases.TC4_ForgotPasswordTestCase_004.verifyForgotPassportLinkTest()'><b>verifyForgotPassportLinkTest</b><br>Test class: com.DemoProjecteCommerce2TestCases.TC4_ForgotPasswordTestCase_004</td>
<td></td>
<td>1</td>
<td>com.DemoProjecteCommerce2TestCases.TC4_ForgotPasswordTestCase_004@8317c52</td></tr>
</table><p>
</body>
</html>